INFO:root:Data recorded for: https://departamento.mercadolibre.com.ar/MLA-829880829-av-peron-850-san-fernando-_JM
INFO:root:Data recorded for: https://departamento.mercadolibre.com.ar/MLA-831152165-countries-y-barrios-cerrados-alquiler-buena-vista-_JM
INFO:root:Data recorded for: https://departamento.mercadolibre.com.ar/MLA-830471907-departamento-en-alquiler-en-olivos-_JM
WARNING:root:Missing value on the report for: https://departamento.mercadolibre.com.ar/MLA-828645637-departamento-olivos-_JM
INFO:root:Data recorded for: https://departamento.mercadolibre.com.ar/MLA-830784485-alquiler-florida-depto-2-amb-cochera-parrilla-_JM
INFO:root:Data recorded for: https://departamento.mercadolibre.com.ar/MLA-830546353-departamento-san-isidro-_JM
INFO:root:Data recorded for: https://departamento.mercadolibre.com.ar/MLA-830716865-dpto-2-amb-fte-cbalcon-y-cochera-fija-vista-panoramica-_JM
INFO:root:Data recorded for: https://departamento.mercadolibre.com.ar/MLA-831153883-alquiler-2-amb-tipo-duplex-coch-balcon-amenit-_JM
INFO:root:Data recorded for: https://departamento.mercadolibre.com.ar/MLA-831154167-de-revista-espect-amplio-dpto-c-coch-y-renta-_JM
INFO:root:Data recorded for: https://departamento.mercadolibre.com.ar/MLA-827829206-departamentos-alquiler-venice-ciudad-navegable-_JM
INFO:root:Data recorded for: https://departamento.mercadolibre.com.ar/MLA-825183036-departamento-olivos-_JM
INFO:root:Data recorded for: https://departamento.mercadolibre.com.ar/MLA-829741513-amplio-y-luminoso-departamento-de-2-ambientes-con-cochera-y-balcon-_JM
WARNING:root:Missing value on the report for: https://departamento.mercadolibre.com.ar/MLA-828736960-departamento-buena-vista-_JM
INFO:root:Data recorded for: https://departamento.mercadolibre.com.ar/MLA-825674372-departamentos-alquiler-san-fernando-_JM
WARNING:root:Missing value on the report for: https://departamento.mercadolibre.com.ar/MLA-785212581-departamentos-alquiler-san-isidro-_JM
INFO:root:Data recorded for: https://departamento.mercadolibre.com.ar/MLA-785776779-departamentos-alquiler-san-isidro-_JM
INFO:root:Data recorded for: https://departamento.mercadolibre.com.ar/MLA-788480316-departamentos-alquiler-victoria-_JM
INFO:root:Data recorded for: https://departamento.mercadolibre.com.ar/MLA-821615783-2-ambientes-con-cochera-toillete-lavadero-independiente-_JM
INFO:root:Data recorded for: https://departamento.mercadolibre.com.ar/MLA-829880829-av-peron-850-san-fernando-_JM
INFO:root:Data recorded for: https://departamento.mercadolibre.com.ar/MLA-831152165-countries-y-barrios-cerrados-alquiler-buena-vista-_JM
INFO:root:Data recorded for: https://departamento.mercadolibre.com.ar/MLA-830471907-departamento-en-alquiler-en-olivos-_JM
WARNING:root:Missing value on the report for: https://departamento.mercadolibre.com.ar/MLA-828645637-departamento-olivos-_JM
INFO:root:Data recorded for: https://departamento.mercadolibre.com.ar/MLA-830784485-alquiler-florida-depto-2-amb-cochera-parrilla-_JM
INFO:root:Data recorded for: https://departamento.mercadolibre.com.ar/MLA-830546353-departamento-san-isidro-_JM
INFO:root:Data recorded for: https://departamento.mercadolibre.com.ar/MLA-830716865-dpto-2-amb-fte-cbalcon-y-cochera-fija-vista-panoramica-_JM
INFO:root:Data recorded for: https://departamento.mercadolibre.com.ar/MLA-831153883-alquiler-2-amb-tipo-duplex-coch-balcon-amenit-_JM
INFO:root:Data recorded for: https://departamento.mercadolibre.com.ar/MLA-831154167-de-revista-espect-amplio-dpto-c-coch-y-renta-_JM
INFO:root:Data recorded for: https://departamento.mercadolibre.com.ar/MLA-827829206-departamentos-alquiler-venice-ciudad-navegable-_JM
INFO:root:Data recorded for: https://departamento.mercadolibre.com.ar/MLA-825183036-departamento-olivos-_JM
INFO:root:Data recorded for: https://departamento.mercadolibre.com.ar/MLA-829741513-amplio-y-luminoso-departamento-de-2-ambientes-con-cochera-y-balcon-_JM
WARNING:root:Missing value on the report for: https://departamento.mercadolibre.com.ar/MLA-828736960-departamento-buena-vista-_JM
INFO:root:Data recorded for: https://departamento.mercadolibre.com.ar/MLA-825674372-departamentos-alquiler-san-fernando-_JM
WARNING:root:Missing value on the report for: https://departamento.mercadolibre.com.ar/MLA-785212581-departamentos-alquiler-san-isidro-_JM
INFO:root:Data recorded for: https://departamento.mercadolibre.com.ar/MLA-785776779-departamentos-alquiler-san-isidro-_JM
INFO:root:Data recorded for: https://departamento.mercadolibre.com.ar/MLA-788480316-departamentos-alquiler-victoria-_JM
INFO:root:Data recorded for: https://departamento.mercadolibre.com.ar/MLA-821615783-2-ambientes-con-cochera-toillete-lavadero-independiente-_JM
INFO:root:Data recorded for: https://departamento.mercadolibre.com.ar/MLA-829880829-av-peron-850-san-fernando-_JM
INFO:root:Data recorded for: https://departamento.mercadolibre.com.ar/MLA-831152165-countries-y-barrios-cerrados-alquiler-buena-vista-_JM
INFO:root:Data recorded for: https://departamento.mercadolibre.com.ar/MLA-830471907-departamento-en-alquiler-en-olivos-_JM
WARNING:root:Missing value on the report for: https://departamento.mercadolibre.com.ar/MLA-828645637-departamento-olivos-_JM
INFO:root:Data recorded for: https://departamento.mercadolibre.com.ar/MLA-830784485-alquiler-florida-depto-2-amb-cochera-parrilla-_JM
WARNING:root:Missing value on the report for: https://departamento.mercadolibre.com.ar/MLA-830546353-departamento-san-isidro-_JM
INFO:root:Data recorded for: https://departamento.mercadolibre.com.ar/MLA-830716865-dpto-2-amb-fte-cbalcon-y-cochera-fija-vista-panoramica-_JM
INFO:root:Data recorded for: https://departamento.mercadolibre.com.ar/MLA-831153883-alquiler-2-amb-tipo-duplex-coch-balcon-amenit-_JM
INFO:root:Data recorded for: https://departamento.mercadolibre.com.ar/MLA-831154167-de-revista-espect-amplio-dpto-c-coch-y-renta-_JM
INFO:root:Data recorded for: https://departamento.mercadolibre.com.ar/MLA-827829206-departamentos-alquiler-venice-ciudad-navegable-_JM
INFO:root:Data recorded for: https://departamento.mercadolibre.com.ar/MLA-825183036-departamento-olivos-_JM
INFO:root:Data recorded for: https://departamento.mercadolibre.com.ar/MLA-829741513-amplio-y-luminoso-departamento-de-2-ambientes-con-cochera-y-balcon-_JM
WARNING:root:Missing value on the report for: https://departamento.mercadolibre.com.ar/MLA-828736960-departamento-buena-vista-_JM
INFO:root:Data recorded for: https://departamento.mercadolibre.com.ar/MLA-825674372-departamentos-alquiler-san-fernando-_JM
WARNING:root:Missing value on the report for: https://departamento.mercadolibre.com.ar/MLA-785212581-departamentos-alquiler-san-isidro-_JM
INFO:root:Data recorded for: https://departamento.mercadolibre.com.ar/MLA-785776779-departamentos-alquiler-san-isidro-_JM
INFO:root:Data recorded for: https://departamento.mercadolibre.com.ar/MLA-788480316-departamentos-alquiler-victoria-_JM
INFO:root:Data recorded for: https://departamento.mercadolibre.com.ar/MLA-821615783-2-ambientes-con-cochera-toillete-lavadero-independiente-_JM
INFO:root:Data recorded for: https://departamento.mercadolibre.com.ar/MLA-829880829-av-peron-850-san-fernando-_JM
INFO:root:Data recorded for: https://departamento.mercadolibre.com.ar/MLA-831152165-countries-y-barrios-cerrados-alquiler-buena-vista-_JM
INFO:root:Data recorded for: https://departamento.mercadolibre.com.ar/MLA-830471907-departamento-en-alquiler-en-olivos-_JM
WARNING:root:Missing value on the report for: https://departamento.mercadolibre.com.ar/MLA-828645637-departamento-olivos-_JM
INFO:root:Data recorded for: https://departamento.mercadolibre.com.ar/MLA-830784485-alquiler-florida-depto-2-amb-cochera-parrilla-_JM
INFO:root:Data recorded for: https://departamento.mercadolibre.com.ar/MLA-830546353-departamento-san-isidro-_JM
INFO:root:Data recorded for: https://departamento.mercadolibre.com.ar/MLA-830716865-dpto-2-amb-fte-cbalcon-y-cochera-fija-vista-panoramica-_JM
INFO:root:Data recorded for: https://departamento.mercadolibre.com.ar/MLA-831153883-alquiler-2-amb-tipo-duplex-coch-balcon-amenit-_JM
INFO:root:Data recorded for: https://departamento.mercadolibre.com.ar/MLA-831154167-de-revista-espect-amplio-dpto-c-coch-y-renta-_JM
INFO:root:Data recorded for: https://departamento.mercadolibre.com.ar/MLA-827829206-departamentos-alquiler-venice-ciudad-navegable-_JM
INFO:root:Data recorded for: https://departamento.mercadolibre.com.ar/MLA-825183036-departamento-olivos-_JM
INFO:root:Data recorded for: https://departamento.mercadolibre.com.ar/MLA-829741513-amplio-y-luminoso-departamento-de-2-ambientes-con-cochera-y-balcon-_JM
WARNING:root:Missing value on the report for: https://departamento.mercadolibre.com.ar/MLA-828736960-departamento-buena-vista-_JM
INFO:root:Data recorded for: https://departamento.mercadolibre.com.ar/MLA-825674372-departamentos-alquiler-san-fernando-_JM
WARNING:root:Missing value on the report for: https://departamento.mercadolibre.com.ar/MLA-785212581-departamentos-alquiler-san-isidro-_JM
INFO:root:Data recorded for: https://departamento.mercadolibre.com.ar/MLA-785776779-departamentos-alquiler-san-isidro-_JM
INFO:root:Data recorded for: https://departamento.mercadolibre.com.ar/MLA-788480316-departamentos-alquiler-victoria-_JM
INFO:root:Data recorded for: https://departamento.mercadolibre.com.ar/MLA-821615783-2-ambientes-con-cochera-toillete-lavadero-independiente-_JM
INFO:root:Data recorded for: https://departamento.mercadolibre.com.ar/MLA-829880829-av-peron-850-san-fernando-_JM
INFO:root:Data recorded for: https://departamento.mercadolibre.com.ar/MLA-831152165-countries-y-barrios-cerrados-alquiler-buena-vista-_JM
INFO:root:Data recorded for: https://departamento.mercadolibre.com.ar/MLA-830471907-departamento-en-alquiler-en-olivos-_JM
WARNING:root:Missing value on the report for: https://departamento.mercadolibre.com.ar/MLA-828645637-departamento-olivos-_JM
INFO:root:Data recorded for: https://departamento.mercadolibre.com.ar/MLA-830784485-alquiler-florida-depto-2-amb-cochera-parrilla-_JM
INFO:root:Data recorded for: https://departamento.mercadolibre.com.ar/MLA-830546353-departamento-san-isidro-_JM
INFO:root:Data recorded for: https://departamento.mercadolibre.com.ar/MLA-830716865-dpto-2-amb-fte-cbalcon-y-cochera-fija-vista-panoramica-_JM
INFO:root:Data recorded for: https://departamento.mercadolibre.com.ar/MLA-831153883-alquiler-2-amb-tipo-duplex-coch-balcon-amenit-_JM
INFO:root:Data recorded for: https://departamento.mercadolibre.com.ar/MLA-831154167-de-revista-espect-amplio-dpto-c-coch-y-renta-_JM
INFO:root:Data recorded for: https://departamento.mercadolibre.com.ar/MLA-827829206-departamentos-alquiler-venice-ciudad-navegable-_JM
INFO:root:Data recorded for: https://departamento.mercadolibre.com.ar/MLA-825183036-departamento-olivos-_JM
INFO:root:Data recorded for: https://departamento.mercadolibre.com.ar/MLA-829741513-amplio-y-luminoso-departamento-de-2-ambientes-con-cochera-y-balcon-_JM
WARNING:root:Missing value on the report for: https://departamento.mercadolibre.com.ar/MLA-828736960-departamento-buena-vista-_JM
INFO:root:Data recorded for: https://departamento.mercadolibre.com.ar/MLA-825674372-departamentos-alquiler-san-fernando-_JM
WARNING:root:Missing value on the report for: https://departamento.mercadolibre.com.ar/MLA-785212581-departamentos-alquiler-san-isidro-_JM
INFO:root:Data recorded for: https://departamento.mercadolibre.com.ar/MLA-785776779-departamentos-alquiler-san-isidro-_JM
INFO:root:Data recorded for: https://departamento.mercadolibre.com.ar/MLA-788480316-departamentos-alquiler-victoria-_JM
INFO:root:Data recorded for: https://departamento.mercadolibre.com.ar/MLA-821615783-2-ambientes-con-cochera-toillete-lavadero-independiente-_JM
INFO:root:Data recorded for: https://departamento.mercadolibre.com.ar/MLA-829880829-av-peron-850-san-fernando-_JM
INFO:root:Data recorded for: https://departamento.mercadolibre.com.ar/MLA-831152165-countries-y-barrios-cerrados-alquiler-buena-vista-_JM
INFO:root:Data recorded for: https://departamento.mercadolibre.com.ar/MLA-830471907-departamento-en-alquiler-en-olivos-_JM
WARNING:root:Missing value on the report for: https://departamento.mercadolibre.com.ar/MLA-828645637-departamento-olivos-_JM
INFO:root:Data recorded for: https://departamento.mercadolibre.com.ar/MLA-830784485-alquiler-florida-depto-2-amb-cochera-parrilla-_JM
WARNING:root:Missing value on the report for: https://departamento.mercadolibre.com.ar/MLA-830546353-departamento-san-isidro-_JM
INFO:root:Data recorded for: https://departamento.mercadolibre.com.ar/MLA-830716865-dpto-2-amb-fte-cbalcon-y-cochera-fija-vista-panoramica-_JM
INFO:root:Data recorded for: https://departamento.mercadolibre.com.ar/MLA-831153883-alquiler-2-amb-tipo-duplex-coch-balcon-amenit-_JM
INFO:root:Data recorded for: https://departamento.mercadolibre.com.ar/MLA-831154167-de-revista-espect-amplio-dpto-c-coch-y-renta-_JM
INFO:root:Data recorded for: https://departamento.mercadolibre.com.ar/MLA-827829206-departamentos-alquiler-venice-ciudad-navegable-_JM
INFO:root:Data recorded for: https://departamento.mercadolibre.com.ar/MLA-825183036-departamento-olivos-_JM
INFO:root:Data recorded for: https://departamento.mercadolibre.com.ar/MLA-829741513-amplio-y-luminoso-departamento-de-2-ambientes-con-cochera-y-balcon-_JM
WARNING:root:Missing value on the report for: https://departamento.mercadolibre.com.ar/MLA-828736960-departamento-buena-vista-_JM
INFO:root:Data recorded for: https://departamento.mercadolibre.com.ar/MLA-825674372-departamentos-alquiler-san-fernando-_JM
WARNING:root:Missing value on the report for: https://departamento.mercadolibre.com.ar/MLA-785212581-departamentos-alquiler-san-isidro-_JM
INFO:root:Data recorded for: https://departamento.mercadolibre.com.ar/MLA-785776779-departamentos-alquiler-san-isidro-_JM
INFO:root:Data recorded for: https://departamento.mercadolibre.com.ar/MLA-788480316-departamentos-alquiler-victoria-_JM
INFO:root:Data recorded for: https://departamento.mercadolibre.com.ar/MLA-821615783-2-ambientes-con-cochera-toillete-lavadero-independiente-_JM
INFO:root:Data recorded for: https://departamento.mercadolibre.com.ar/MLA-829880829-av-peron-850-san-fernando-_JM
INFO:root:Data recorded for: https://departamento.mercadolibre.com.ar/MLA-831152165-countries-y-barrios-cerrados-alquiler-buena-vista-_JM
INFO:root:Data recorded for: https://departamento.mercadolibre.com.ar/MLA-830471907-departamento-en-alquiler-en-olivos-_JM
WARNING:root:Missing value on the report for: https://departamento.mercadolibre.com.ar/MLA-828645637-departamento-olivos-_JM
INFO:root:Data recorded for: https://departamento.mercadolibre.com.ar/MLA-830784485-alquiler-florida-depto-2-amb-cochera-parrilla-_JM
WARNING:root:Missing value on the report for: https://departamento.mercadolibre.com.ar/MLA-830546353-departamento-san-isidro-_JM
INFO:root:Data recorded for: https://departamento.mercadolibre.com.ar/MLA-830716865-dpto-2-amb-fte-cbalcon-y-cochera-fija-vista-panoramica-_JM
INFO:root:Data recorded for: https://departamento.mercadolibre.com.ar/MLA-831153883-alquiler-2-amb-tipo-duplex-coch-balcon-amenit-_JM
INFO:root:Data recorded for: https://departamento.mercadolibre.com.ar/MLA-831154167-de-revista-espect-amplio-dpto-c-coch-y-renta-_JM
INFO:root:Data recorded for: https://departamento.mercadolibre.com.ar/MLA-827829206-departamentos-alquiler-venice-ciudad-navegable-_JM
INFO:root:Data recorded for: https://departamento.mercadolibre.com.ar/MLA-825183036-departamento-olivos-_JM
INFO:root:Data recorded for: https://departamento.mercadolibre.com.ar/MLA-829741513-amplio-y-luminoso-departamento-de-2-ambientes-con-cochera-y-balcon-_JM
WARNING:root:Missing value on the report for: https://departamento.mercadolibre.com.ar/MLA-828736960-departamento-buena-vista-_JM
INFO:root:Data recorded for: https://departamento.mercadolibre.com.ar/MLA-825674372-departamentos-alquiler-san-fernando-_JM
WARNING:root:Missing value on the report for: https://departamento.mercadolibre.com.ar/MLA-785212581-departamentos-alquiler-san-isidro-_JM
INFO:root:Data recorded for: https://departamento.mercadolibre.com.ar/MLA-785776779-departamentos-alquiler-san-isidro-_JM
INFO:root:Data recorded for: https://departamento.mercadolibre.com.ar/MLA-788480316-departamentos-alquiler-victoria-_JM
INFO:root:Data recorded for: https://departamento.mercadolibre.com.ar/MLA-821615783-2-ambientes-con-cochera-toillete-lavadero-independiente-_JM
INFO:root:Data recorded for: https://departamento.mercadolibre.com.ar/MLA-829880829-av-peron-850-san-fernando-_JM
INFO:root:Data recorded for: https://departamento.mercadolibre.com.ar/MLA-831152165-countries-y-barrios-cerrados-alquiler-buena-vista-_JM
INFO:root:Data recorded for: https://departamento.mercadolibre.com.ar/MLA-830471907-departamento-en-alquiler-en-olivos-_JM
INFO:root:Data recorded for: https://departamento.mercadolibre.com.ar/MLA-828645637-departamento-olivos-_JM
INFO:root:Data recorded for: https://departamento.mercadolibre.com.ar/MLA-829880829-av-peron-850-san-fernando-_JM
INFO:root:Data recorded for: https://departamento.mercadolibre.com.ar/MLA-831152165-countries-y-barrios-cerrados-alquiler-buena-vista-_JM
INFO:root:Data recorded for: https://departamento.mercadolibre.com.ar/MLA-830471907-departamento-en-alquiler-en-olivos-_JM
WARNING:root:Missing value on the report for: https://departamento.mercadolibre.com.ar/MLA-828645637-departamento-olivos-_JM
INFO:root:Data recorded for: https://departamento.mercadolibre.com.ar/MLA-830784485-alquiler-florida-depto-2-amb-cochera-parrilla-_JM
INFO:root:Data recorded for: https://departamento.mercadolibre.com.ar/MLA-830546353-departamento-san-isidro-_JM
INFO:root:Data recorded for: https://departamento.mercadolibre.com.ar/MLA-830716865-dpto-2-amb-fte-cbalcon-y-cochera-fija-vista-panoramica-_JM
INFO:root:Data recorded for: https://departamento.mercadolibre.com.ar/MLA-831153883-alquiler-2-amb-tipo-duplex-coch-balcon-amenit-_JM
INFO:root:Data recorded for: https://departamento.mercadolibre.com.ar/MLA-831154167-de-revista-espect-amplio-dpto-c-coch-y-renta-_JM
INFO:root:Data recorded for: https://departamento.mercadolibre.com.ar/MLA-827829206-departamentos-alquiler-venice-ciudad-navegable-_JM
INFO:root:Data recorded for: https://departamento.mercadolibre.com.ar/MLA-825183036-departamento-olivos-_JM
INFO:root:Data recorded for: https://departamento.mercadolibre.com.ar/MLA-829741513-amplio-y-luminoso-departamento-de-2-ambientes-con-cochera-y-balcon-_JM
WARNING:root:Missing value on the report for: https://departamento.mercadolibre.com.ar/MLA-828736960-departamento-buena-vista-_JM
INFO:root:Data recorded for: https://departamento.mercadolibre.com.ar/MLA-825674372-departamentos-alquiler-san-fernando-_JM
WARNING:root:Missing value on the report for: https://departamento.mercadolibre.com.ar/MLA-785212581-departamentos-alquiler-san-isidro-_JM
INFO:root:Data recorded for: https://departamento.mercadolibre.com.ar/MLA-785776779-departamentos-alquiler-san-isidro-_JM
INFO:root:Data recorded for: https://departamento.mercadolibre.com.ar/MLA-788480316-departamentos-alquiler-victoria-_JM
INFO:root:Data recorded for: https://departamento.mercadolibre.com.ar/MLA-821615783-2-ambientes-con-cochera-toillete-lavadero-independiente-_JM
INFO:root:Data recorded for: https://departamento.mercadolibre.com.ar/MLA-829880829-av-peron-850-san-fernando-_JM
INFO:root:Data recorded for: https://departamento.mercadolibre.com.ar/MLA-831152165-countries-y-barrios-cerrados-alquiler-buena-vista-_JM
INFO:root:Data recorded for: https://departamento.mercadolibre.com.ar/MLA-830471907-departamento-en-alquiler-en-olivos-_JM
WARNING:root:Missing value on the report for: https://departamento.mercadolibre.com.ar/MLA-828645637-departamento-olivos-_JM
INFO:root:Data recorded for: https://departamento.mercadolibre.com.ar/MLA-830784485-alquiler-florida-depto-2-amb-cochera-parrilla-_JM
INFO:root:Data recorded for: https://departamento.mercadolibre.com.ar/MLA-830546353-departamento-san-isidro-_JM
INFO:root:Data recorded for: https://departamento.mercadolibre.com.ar/MLA-830716865-dpto-2-amb-fte-cbalcon-y-cochera-fija-vista-panoramica-_JM
INFO:root:Data recorded for: https://departamento.mercadolibre.com.ar/MLA-831153883-alquiler-2-amb-tipo-duplex-coch-balcon-amenit-_JM
INFO:root:Data recorded for: https://departamento.mercadolibre.com.ar/MLA-831154167-de-revista-espect-amplio-dpto-c-coch-y-renta-_JM
INFO:root:Data recorded for: https://departamento.mercadolibre.com.ar/MLA-827829206-departamentos-alquiler-venice-ciudad-navegable-_JM
INFO:root:Data recorded for: https://departamento.mercadolibre.com.ar/MLA-825183036-departamento-olivos-_JM
INFO:root:Data recorded for: https://departamento.mercadolibre.com.ar/MLA-829741513-amplio-y-luminoso-departamento-de-2-ambientes-con-cochera-y-balcon-_JM
WARNING:root:Missing value on the report for: https://departamento.mercadolibre.com.ar/MLA-828736960-departamento-buena-vista-_JM
INFO:root:Data recorded for: https://departamento.mercadolibre.com.ar/MLA-825674372-departamentos-alquiler-san-fernando-_JM
WARNING:root:Missing value on the report for: https://departamento.mercadolibre.com.ar/MLA-785212581-departamentos-alquiler-san-isidro-_JM
INFO:root:Data recorded for: https://departamento.mercadolibre.com.ar/MLA-785776779-departamentos-alquiler-san-isidro-_JM
INFO:root:Data recorded for: https://departamento.mercadolibre.com.ar/MLA-788480316-departamentos-alquiler-victoria-_JM
INFO:root:Data recorded for: https://departamento.mercadolibre.com.ar/MLA-821615783-2-ambientes-con-cochera-toillete-lavadero-independiente-_JM
